<?xml version="1.0" encoding="UTF-8"?>
<testng-results skipped="0" failed="0" ignored="0" total="1" passed="1">
  <reporter-output>
  </reporter-output>
  <suite name="Default suite" duration-ms="49968" started-at="2018-06-09T08:26:02Z" finished-at="2018-06-09T08:26:52Z">
    <groups>
    </groups>
    <test name="Default test" duration-ms="49968" started-at="2018-06-09T08:26:02Z" finished-at="2018-06-09T08:26:52Z">
      <class name="testcases.TC003_CL">
        <test-method status="PASS" signature="beforeSuite()[pri:0, instance:testcases.TC003_CL@c0a365]" name="beforeSuite" is-config="true" duration-ms="759" started-at="2018-06-09T08:26:02Z" finished-at="2018-06-09T08:26:02Z">
          <reporter-output>
          </reporter-output>
        </test-method> <!-- beforeSuite -->
        <test-method status="PASS" signature="setData()[pri:0, instance:testcases.TC003_CL@c0a365]" name="setData" is-config="true" duration-ms="1" started-at="2018-06-09T08:26:02Z" finished-at="2018-06-09T08:26:02Z">
          <reporter-output>
          </reporter-output>
        </test-method> <!-- setData -->
        <test-method status="PASS" signature="beforeClass()[pri:0, instance:testcases.TC003_CL@c0a365]" name="beforeClass" is-config="true" duration-ms="1" started-at="2018-06-09T08:26:02Z" finished-at="2018-06-09T08:26:02Z">
          <reporter-output>
          </reporter-output>
        </test-method> <!-- beforeClass -->
        <test-method status="PASS" signature="beforeMethod()[pri:0, instance:testcases.TC003_CL@c0a365]" name="beforeMethod" is-config="true" duration-ms="19939" started-at="2018-06-09T08:26:03Z" finished-at="2018-06-09T08:26:23Z">
          <reporter-output>
          </reporter-output>
        </test-method> <!-- beforeMethod -->
        <test-method status="PASS" signature="crate(java.lang.String, java.lang.String, java.lang.String, java.lang.String, java.lang.String)[pri:0, instance:testcases.TC003_CL@c0a365]" name="crate" duration-ms="28008" started-at="2018-06-09T08:26:23Z" data-provider="fetchData" finished-at="2018-06-09T08:26:51Z">
          <params>
            <param index="0">
              <value>
                <![CDATA[DemoSalesManager]]>
              </value>
            </param>
            <param index="1">
              <value>
                <![CDATA[crmsfa]]>
              </value>
            </param>
            <param index="2">
              <value>
                <![CDATA[testleaf]]>
              </value>
            </param>
            <param index="3">
              <value>
                <![CDATA[koushik]]>
              </value>
            </param>
            <param index="4">
              <value>
                <![CDATA[c]]>
              </value>
            </param>
          </params>
          <reporter-output>
          </reporter-output>
        </test-method> <!-- crate -->
        <test-method status="PASS" signature="afterMethod()[pri:0, instance:testcases.TC003_CL@c0a365]" name="afterMethod" is-config="true" duration-ms="1030" started-at="2018-06-09T08:26:51Z" finished-at="2018-06-09T08:26:52Z">
          <reporter-output>
          </reporter-output>
        </test-method> <!-- afterMethod -->
        <test-method status="PASS" signature="afterTest()[pri:0, instance:testcases.TC003_CL@c0a365]" name="afterTest" is-config="true" duration-ms="0" started-at="2018-06-09T08:26:52Z" finished-at="2018-06-09T08:26:52Z">
          <reporter-output>
          </reporter-output>
        </test-method> <!-- afterTest -->
        <test-method status="PASS" signature="afterSuite()[pri:0, instance:testcases.TC003_CL@c0a365]" name="afterSuite" is-config="true" duration-ms="787" started-at="2018-06-09T08:26:53Z" finished-at="2018-06-09T08:26:53Z">
          <reporter-output>
          </reporter-output>
        </test-method> <!-- afterSuite -->
      </class> <!-- testcases.TC003_CL -->
    </test> <!-- Default test -->
  </suite> <!-- Default suite -->
</testng-results>
